#
# There is insufficient memory for the Java Runtime Environment to continue.
# Native memory allocation (mmap) failed to map 98566144 bytes for G1 virtual space
# Possible reasons:
#   The system is out of physical RAM or swap space
#   The process is running with CompressedOops enabled, and the Java Heap may be blocking the growth of the native heap
# Possible solutions:
#   Reduce memory load on the system
#   Increase physical memory or swap space
#   Check if swap backing store is full
#   Decrease Java heap size (-Xmx/-Xms)
#   Decrease number of Java threads
#   Decrease Java thread stack sizes (-Xss)
#   Set larger code cache with -XX:ReservedCodeCacheSize=
#   JVM is running with Unscaled Compressed Oops mode in which the Java heap is
#     placed in the first 4GB address space. The Java Heap base address is the
#     maximum limit for the native heap growth. Please use -XX:HeapBaseMinAddress
#     to set the Java Heap base and to place the Java Heap above 4GB virtual address.
# This output file may be truncated or incomplete.
#
#  Out of Memory Error (os_windows.cpp:3466), pid=11028, tid=1440
#
# JRE version:  (16.0.1+9) (build )
# Java VM: OpenJDK 64-Bit Server VM (16.0.1+9-24, mixed mode, sharing, tiered, compressed oops, compressed class ptrs, g1 gc, windows-amd64)
# No core dump will be written. Minidumps are not enabled by default on client versions of Windows
#

---------------  S U M M A R Y ------------

Command Line: -agentlib:jdwp=transport=dt_socket,address=127.0.0.1:63910,suspend=y,server=n -ea -Didea.test.cyclic.buffer.size=1048576 -javaagent:C:\Users\chem\AppData\Local\JetBrains\IdeaIE2021.1\captureAgent\debugger-agent.jar -Dfile.encoding=UTF-8 com.intellij.rt.testng.RemoteTestNGStarter -usedefaultlisteners false -socket54440 @w@C:\Users\chem\AppData\Local\Temp\idea_working_dirs_testng1.tmp -temp C:\Users\chem\AppData\Local\Temp\idea_testng1.tmp

Host: Intel(R) Core(TM) i5-2430M CPU @ 2.40GHz, 4 cores, 5G,  Windows 10 , 64 bit Build 19041 (10.0.19041.1023)
Time: Tue Jun 15 18:09:48 2021 Turkey Standard Time elapsed time: 0.165276 seconds (0d 0h 0m 0s)

---------------  T H R E A D  ---------------

Current thread (0x00000184ec5af310):  JavaThread "Unknown thread" [_thread_in_vm, id=1440, stack(0x0000004ee2000000,0x0000004ee2100000)]

Stack: [0x0000004ee2000000,0x0000004ee2100000]
Native frames: (J=compiled Java code, j=interpreted, Vv=VM code, C=native code)
V  [jvm.dll+0x6687ca]
V  [jvm.dll+0x7ca3c9]
V  [jvm.dll+0x7cbb53]
V  [jvm.dll+0x7cc1b3]
V  [jvm.dll+0x242ea5]
V  [jvm.dll+0x665589]
V  [jvm.dll+0x65a175]
V  [jvm.dll+0x2fc5ab]
V  [jvm.dll+0x3037a6]
V  [jvm.dll+0x352fee]
V  [jvm.dll+0x35321f]
V  [jvm.dll+0x2d3618]
V  [jvm.dll+0x2d4854]
V  [jvm.dll+0x79ccb1]
V  [jvm.dll+0x360de1]
V  [jvm.dll+0x77a990]
V  [jvm.dll+0x3e55af]
V  [jvm.dll+0x3e7081]
C  [jli.dll+0x52fb]
C  [ucrtbase.dll+0x21bb2]
C  [KERNEL32.DLL+0x17034]
C  [ntdll.dll+0x52651]


---------------  P R O C E S S  ---------------

Threads class SMR info:
_java_thread_list=0x00007ffc6fd0cbb8, length=0, elements={
}

Java Threads: ( => current thread )

Other Threads:
  0x00000184ec5e5bf0 GCTaskThread "GC Thread#0" [stack: 0x0000004ee2100000,0x0000004ee2200000] [id=5744]
  0x00000184ec5f3570 ConcurrentGCThread "G1 Main Marker" [stack: 0x0000004ee2200000,0x0000004ee2300000] [id=6072]
  0x00000184ec5f3d90 ConcurrentGCThread "G1 Conc#0" [stack: 0x0000004ee2300000,0x0000004ee2400000] [id=6912]

[error occurred during error reporting (printing all threads), id 0xc0000005, EXCEPTION_ACCESS_VIOLATION (0xc0000005) at pc=0x00007ffc6f4e44d7]

VM state: not at safepoint (not fully initialized)

VM Mutex/Monitor currently owned by a thread:  ([mutex/lock_event])
[0x00000184ec5ab1f0] Heap_lock - owner thread: 0x00000184ec5af310

Heap address: 0x00000000a2400000, size: 1500 MB, Compressed Oops mode: 32-bit

CDS archive(s) mapped at: [0x0000000000000000-0x0000000000000000-0x0000000000000000), size 0, SharedBaseAddress: 0x0000000800000000, ArchiveRelocationMode: 0.
Narrow klass base: 0x0000000000000000, Narrow klass shift: 0, Narrow klass range: 0x0

GC Precious Log:
<Empty>

Heap:
 garbage-first heap   total 0K, used 0K [0x00000000a2400000, 0x0000000100000000)
  region size 1024K, 0 young (0K), 0 survivors (0K)

[error occurred during error reporting (printing heap information), id 0xc0000005, EXCEPTION_ACCESS_VIOLATION (0xc0000005) at pc=0x00007ffc6f8c24ed]

GC Heap History (0 events):
No events

Deoptimization events (0 events):
No events

Classes unloaded (0 events):
No events

Classes redefined (0 events):
No events

Internal exceptions (0 events):
No events

Events (1 events):
Event: 0.095 Loaded shared library C:\Users\chem\.jdks\openjdk-16.0.1-1\bin\java.dll


Dynamic libraries:
0x00007ff6785a0000 - 0x00007ff6785ae000 	C:\Users\chem\.jdks\openjdk-16.0.1-1\bin\java.exe
0x00007ffc9df50000 - 0x00007ffc9e145000 	C:\WINDOWS\SYSTEM32\ntdll.dll
0x00007ffc9c020000 - 0x00007ffc9c0dd000 	C:\WINDOWS\System32\KERNEL32.DLL
0x00007ffc9ad20000 - 0x00007ffc9afe8000 	C:\WINDOWS\System32\KERNELBASE.dll
0x00007ffc9b520000 - 0x00007ffc9b620000 	C:\WINDOWS\System32\ucrtbase.dll
0x00007ffc957a0000 - 0x00007ffc957b9000 	C:\Users\chem\.jdks\openjdk-16.0.1-1\bin\VCRUNTIME140.dll
0x00007ffc958b0000 - 0x00007ffc958c8000 	C:\Users\chem\.jdks\openjdk-16.0.1-1\bin\jli.dll
0x00007ffc8bc00000 - 0x00007ffc8be9a000 	C:\WINDOWS\WinSxS\amd64_microsoft.windows.common-controls_6595b64144ccf1df_6.0.19041.1052_none_60b8f8fd71f5e8cb\COMCTL32.dll
0x00007ffc9b620000 - 0x00007ffc9b7c0000 	C:\WINDOWS\System32\USER32.dll
0x00007ffc9acf0000 - 0x00007ffc9ad12000 	C:\WINDOWS\System32\win32u.dll
0x00007ffc9b7d0000 - 0x00007ffc9b86e000 	C:\WINDOWS\System32\msvcrt.dll
0x00007ffc9c540000 - 0x00007ffc9c56a000 	C:\WINDOWS\System32\GDI32.dll
0x00007ffc9b130000 - 0x00007ffc9b23b000 	C:\WINDOWS\System32\gdi32full.dll
0x00007ffc9b3f0000 - 0x00007ffc9b48d000 	C:\WINDOWS\System32\msvcp_win.dll
0x00007ffc9c310000 - 0x00007ffc9c340000 	C:\WINDOWS\System32\IMM32.DLL
0x00007ffc96020000 - 0x00007ffc9602c000 	C:\Users\chem\.jdks\openjdk-16.0.1-1\bin\vcruntime140_1.dll
0x00007ffc90e20000 - 0x00007ffc90eb1000 	C:\Users\chem\.jdks\openjdk-16.0.1-1\bin\msvcp140.dll
0x00007ffc6f200000 - 0x00007ffc6fdab000 	C:\Users\chem\.jdks\openjdk-16.0.1-1\bin\server\jvm.dll
0x00007ffc9cae0000 - 0x00007ffc9cb8c000 	C:\WINDOWS\System32\ADVAPI32.dll
0x00007ffc9c570000 - 0x00007ffc9c60b000 	C:\WINDOWS\System32\sechost.dll
0x00007ffc9d250000 - 0x00007ffc9d37b000 	C:\WINDOWS\System32\RPCRT4.dll
0x00007ffc9b870000 - 0x00007ffc9b878000 	C:\WINDOWS\System32\PSAPI.DLL
0x00007ffc8fb20000 - 0x00007ffc8fb29000 	C:\WINDOWS\SYSTEM32\WSOCK32.dll
0x00007ffc8f860000 - 0x00007ffc8f887000 	C:\WINDOWS\SYSTEM32\WINMM.dll
0x00007ffc8fef0000 - 0x00007ffc8fefa000 	C:\WINDOWS\SYSTEM32\VERSION.dll
0x00007ffc9dea0000 - 0x00007ffc9df0b000 	C:\WINDOWS\System32\WS2_32.dll
0x00007ffc98c40000 - 0x00007ffc98c52000 	C:\WINDOWS\SYSTEM32\kernel.appcore.dll
0x00007ffc94430000 - 0x00007ffc9443a000 	C:\Users\chem\.jdks\openjdk-16.0.1-1\bin\jimage.dll
0x00007ffc94990000 - 0x00007ffc94b74000 	C:\WINDOWS\SYSTEM32\DBGHELP.DLL
0x00007ffc94960000 - 0x00007ffc9498c000 	C:\WINDOWS\SYSTEM32\dbgcore.DLL
0x00007ffc9b490000 - 0x00007ffc9b513000 	C:\WINDOWS\System32\bcryptPrimitives.dll
0x00007ffc90de0000 - 0x00007ffc90e1b000 	C:\Users\chem\.jdks\openjdk-16.0.1-1\bin\jdwp.dll
0x00007ffc943c0000 - 0x00007ffc943ce000 	C:\Users\chem\.jdks\openjdk-16.0.1-1\bin\instrument.dll
0x00007ffc943f0000 - 0x00007ffc94415000 	C:\Users\chem\.jdks\openjdk-16.0.1-1\bin\java.dll

dbghelp: loaded successfully - version: 4.0.5 - missing functions: none
symbol engine: initialized successfully - sym options: 0x614 - pdb path: .;C:\Users\chem\.jdks\openjdk-16.0.1-1\bin;C:\WINDOWS\SYSTEM32;C:\WINDOWS\WinSxS\amd64_microsoft.windows.common-controls_6595b64144ccf1df_6.0.19041.1052_none_60b8f8fd71f5e8cb;C:\Users\chem\.jdks\openjdk-16.0.1-1\bin\server

VM Arguments:
jvm_args: -agentlib:jdwp=transport=dt_socket,address=127.0.0.1:63910,suspend=y,server=n -ea -Didea.test.cyclic.buffer.size=1048576 -javaagent:C:\Users\chem\AppData\Local\JetBrains\IdeaIE2021.1\captureAgent\debugger-agent.jar -Dfile.encoding=UTF-8 
java_command: com.intellij.rt.testng.RemoteTestNGStarter -usedefaultlisteners false -socket54440 @w@C:\Users\chem\AppData\Local\Temp\idea_working_dirs_testng1.tmp -temp C:\Users\chem\AppData\Local\Temp\idea_testng1.tmp
java_class_path (initial): C:\Program Files\JetBrains\IntelliJ IDEA Educational Edition 2021.1\lib\idea_rt.jar;C:\Program Files\JetBrains\IntelliJ IDEA Educational Edition 2021.1\plugins\testng\lib\testng-rt.jar;D:\TestNG2\out\production\TestNG2;C:\selenyum\Lips\commons-io-2.8.0.jar;C:\selenyum\Lips\selenyum\client-combined-3.141.59.jar;C:\selenyum\Lips\selenyum\client-combined-3.141.59-sources.jar;C:\selenyum\Lips\selenyum\libs\okio-1.14.0.jar;C:\selenyum\Lips\selenyum\libs\okhttp-3.11.0.jar;C:\selenyum\Lips\selenyum\libs\guava-25.0-jre.jar;C:\selenyum\Lips\selenyum\libs\commons-exec-1.3.jar;C:\selenyum\Lips\selenyum\libs\byte-buddy-1.8.15.jar;C:\Users\chem\.m2\repository\org\testng\testng\6.14.3\testng-6.14.3.jar;C:\Users\chem\.m2\repository\com\beust\jcommander\1.72\jcommander-1.72.jar;C:\Users\chem\.m2\repository\org\apache-extras\beanshell\bsh\2.0b6\bsh-2.0b6.jar
Launcher Type: SUN_STANDARD

[Global flags]
     intx CICompilerCount                          = 3                                         {product} {ergonomic}
     uint ConcGCThreads                            = 1                                         {product} {ergonomic}
     uint G1ConcRefinementThreads                  = 4                                         {product} {ergonomic}
   size_t G1HeapRegionSize                         = 1048576                                   {product} {ergonomic}
    uintx GCDrainStackTargetSize                   = 64                                        {product} {ergonomic}
   size_t InitialHeapSize                          = 98566144                                  {product} {ergonomic}
   size_t MarkStackSize                            = 4194304                                   {product} {ergonomic}
   size_t MaxHeapSize                              = 1572864000                                {product} {ergonomic}
   size_t MinHeapDeltaBytes                        = 1048576                                   {product} {ergonomic}
   size_t MinHeapSize                              = 8388608                                   {product} {ergonomic}
    uintx NonNMethodCodeHeapSize                   = 5832780                                {pd product} {ergonomic}
    uintx NonProfiledCodeHeapSize                  = 122912730                              {pd product} {ergonomic}
    uintx ProfiledCodeHeapSize                     = 122912730                              {pd product} {ergonomic}
    uintx ReservedCodeCacheSize                    = 251658240                              {pd product} {ergonomic}
     bool SegmentedCodeCache                       = true                                      {product} {ergonomic}
   size_t SoftMaxHeapSize                          = 1572864000                             {manageable} {ergonomic}
     bool UseCompressedClassPointers               = true                           {product lp64_product} {ergonomic}
     bool UseCompressedOops                        = true                           {product lp64_product} {ergonomic}
     bool UseG1GC                                  = true                                      {product} {ergonomic}
     bool UseLargePagesIndividualAllocation        = false                                  {pd product} {ergonomic}

Logging:
Log output configuration:
 #0: stdout all=warning uptime,level,tags
 #1: stderr all=off uptime,level,tags

Environment Variables:
PATH=C:\Program Files (x86)\Common Files\Oracle\Java\javapath;C:\Program Files\Common Files\Oracle\Java\javapath;C:\Program Files (x86)\Common Files\Intel\Shared Files\cpp\bin\Intel64;C:\Program Files\Common Files\Microsoft Shared\Windows Live;C:\Program Files (x86)\Common Files\Microsoft Shared\Windows Live;C:\Program Files\Broadcom\Broadcom 802.11 Network Adapter\Driver;;C:\Program Files (x86)\NVIDIA Corporation\PhysX\Common;C:\WINDOWS\system32;C:\WINDOWS;C:\WINDOWS\System32\Wbem;C:\WINDOWS\System32\WindowsPowerShell\v1.0\;C:\Program Files\Intel\WiFi\bin\;C:\Program Files\Common Files\Intel\WirelessCommon\;C:\Program Files (x86)\Windows Live\Shared;C:\Program Files\Calibre2\;C:\WINDOWS\System32\OpenSSH\;C:\Program Files\Intel\WiFi\bin\;C:\Program Files\Common Files\Intel\WirelessCommon\;%USERPROFILE%\AppData\Local\Microsoft\WindowsApps;
USERNAME=chem
OS=Windows_NT
PROCESSOR_IDENTIFIER=Intel64 Family 6 Model 42 Stepping 7, GenuineIntel



---------------  S Y S T E M  ---------------

OS:
 Windows 10 , 64 bit Build 19041 (10.0.19041.1023)
OS uptime: 0 days 20:13 hours

CPU: total 4 (initial active 4) (2 cores per cpu, 2 threads per core) family 6 model 42 stepping 7 microcode 0x2f, cx8, cmov, fxsr, ht, mmx, sse, sse2, sse3, ssse3, sse4.1, sse4.2, popcnt, tsc, tscinvbit, avx, aes, clmul, vzeroupper, clflush

Memory: 4k page, system-wide physical 5995M (537M free)
TotalPageFile size 7640M (AvailPageFile size 50M)
current process WorkingSet (physical memory assigned to process): 10M, peak: 10M
current process commit charge ("private bytes"): 51M, peak: 145M

vm_info: OpenJDK 64-Bit Server VM (16.0.1+9-24) for windows-amd64 JRE (16.0.1+9-24), built on Mar 26 2021 19:30:07 by "mach5one" with MS VC++ 16.7 (VS2019)

END.
